2002.08.06 14:34 B C:\david\book\lastcall\index_files\filelist.xml <-- Shaw /lastcall/index_files filelist.xml
2002.08.06 14:34 B C:\david\book\lastcall\index_files\header.htm <-- Shaw /lastcall/index_files header.htm
2002.08.06 14:34 B C:\david\book\lastcall\index_files\image001.wmz <-- Shaw /lastcall/index_files image001.wmz
2002.08.06 14:34 B C:\david\book\lastcall\index_files\image002.gif <-- Shaw /lastcall/index_files image002.gif
2002.08.06 14:34 B C:\david\book\lastcall\index_files\image003.gif <-- Shaw /lastcall/index_files image003.gif
2002.08.06 14:34 B C:\david\book\lastcall\index_files\image004.wmz <-- Shaw /lastcall/index_files image004.wmz
2002.08.06 14:34 B C:\david\book\lastcall\index_files\image005.gif <-- Shaw /lastcall/index_files image005.gif
2002.08.06 14:34 B C:\david\book\lastcall\index_files\image006.jpg <-- Shaw /lastcall/index_files image006.jpg
2002.08.06 14:34 B C:\david\book\lastcall\index_files\image007.jpg <-- Shaw /lastcall/index_files image007.jpg
2002.08.06 14:35 B C:\david\book\lastcall\index_files\image008.jpg <-- Shaw /lastcall/index_files image008.jpg
2002.08.06 14:35 B C:\david\book\lastcall\index_files\image009.jpg <-- Shaw /lastcall/index_files image009.jpg
2002.08.06 14:35 B C:\david\book\lastcall\index_files\image010.jpg <-- Shaw /lastcall/index_files image010.jpg
2002.08.06 14:35 B C:\david\book\lastcall\index_files\image011.jpg <-- Shaw /lastcall/index_files image011.jpg
2002.08.06 14:35 B C:\david\book\lastcall\index_files\image012.jpg <-- Shaw /lastcall/index_files image012.jpg
2002.08.06 14:35 B C:\david\book\lastcall\index_files\image013.jpg <-- Shaw /lastcall/index_files image013.jpg
2002.08.06 14:35 B C:\david\book\lastcall\index_files\image014.jpg <-- Shaw /lastcall/index_files image014.jpg
2002.08.06 14:35 B C:\david\book\lastcall\index_files\image015.jpg <-- Shaw /lastcall/index_files image015.jpg
2002.08.06 14:35 B C:\david\book\lastcall\index_files\image016.jpg <-- Shaw /lastcall/index_files image016.jpg
2002.08.06 14:35 B C:\david\book\lastcall\index_files\image017.jpg <-- Shaw /lastcall/index_files image017.jpg
2002.08.06 14:35 B C:\david\book\lastcall\index_files\image018.jpg <-- Shaw /lastcall/index_files image018.jpg
2002.08.06 14:35 B C:\david\book\lastcall\index_files\image019.jpg <-- Shaw /lastcall/index_files image019.jpg
2002.08.06 14:35 B C:\david\book\lastcall\index_files\image020.jpg <-- Shaw /lastcall/index_files image020.jpg
2002.08.06 14:35 B C:\david\book\lastcall\index_files\image021.jpg <-- Shaw /lastcall/index_files image021.jpg
2002.08.06 14:35 B C:\david\book\lastcall\index_files\image022.jpg <-- Shaw /lastcall/index_files image022.jpg
2002.08.06 14:35 B C:\david\book\lastcall\index_files\image023.jpg <-- Shaw /lastcall/index_files image023.jpg
2002.08.06 14:35 B C:\david\book\lastcall\index_files\image024.jpg <-- Shaw /lastcall/index_files image024.jpg
2002.08.06 14:35 B C:\david\book\lastcall\index_files\image025.jpg <-- Shaw /lastcall/index_files image025.jpg
2002.08.06 14:35 B C:\david\book\lastcall\index_files\image026.jpg <-- Shaw /lastcall/index_files image026.jpg
2002.08.06 14:35 B C:\david\book\lastcall\index_files\image027.jpg <-- Shaw /lastcall/index_files image027.jpg
2002.08.06 14:35 B C:\david\book\lastcall\index_files\oledata.mso <-- Shaw /lastcall/index_files oledata.mso
2002.08.06 14:48 B C:\david\book\lastcall\index_files\filelist.xml --> ftp.shaw.ca /lastcall/index_files filelist.xml
2002.08.06 14:48 B C:\david\book\lastcall\index_files\header.htm --> ftp.shaw.ca /lastcall/index_files header.htm
2002.08.06 14:48 B C:\david\book\lastcall\index_files\image001.gif --> ftp.shaw.ca /lastcall/index_files image001.gif
2002.08.06 14:48 B C:\david\book\lastcall\index_files\image002.gif --> ftp.shaw.ca /lastcall/index_files image002.gif
2002.08.06 14:48 B C:\david\book\lastcall\index_files\image003.wmz --> ftp.shaw.ca /lastcall/index_files image003.wmz
2002.08.06 14:48 B C:\david\book\lastcall\index_files\image004.gif --> ftp.shaw.ca /lastcall/index_files image004.gif
2002.08.06 14:48 B C:\david\book\lastcall\index_files\image005.jpg --> ftp.shaw.ca /lastcall/index_files image005.jpg
2002.08.06 14:48 B C:\david\book\lastcall\index_files\image006.jpg --> ftp.shaw.ca /lastcall/index_files image006.jpg
2002.08.06 14:48 B C:\david\book\lastcall\index_files\image007.jpg --> ftp.shaw.ca /lastcall/index_files image007.jpg
2002.08.06 14:48 B C:\david\book\lastcall\index_files\image008.jpg --> ftp.shaw.ca /lastcall/index_files image008.jpg
2002.08.06 14:48 B C:\david\book\lastcall\index_files\image009.jpg --> ftp.shaw.ca /lastcall/index_files image009.jpg
2002.08.06 14:48 B C:\david\book\lastcall\index_files\image010.jpg --> ftp.shaw.ca /lastcall/index_files image010.jpg
2002.08.06 14:48 B C:\david\book\lastcall\index_files\image011.jpg --> ftp.shaw.ca /lastcall/index_files image011.jpg
2002.08.06 14:48 B C:\david\book\lastcall\index_files\image012.jpg --> ftp.shaw.ca /lastcall/index_files image012.jpg
2002.08.06 14:48 B C:\david\book\lastcall\index_files\image013.jpg --> ftp.shaw.ca /lastcall/index_files image013.jpg
2002.08.06 14:48 B C:\david\book\lastcall\index_files\image014.jpg --> ftp.shaw.ca /lastcall/index_files image014.jpg
2002.08.06 14:48 B C:\david\book\lastcall\index_files\image015.jpg --> ftp.shaw.ca /lastcall/index_files image015.jpg
2002.08.06 14:48 B C:\david\book\lastcall\index_files\image016.jpg --> ftp.shaw.ca /lastcall/index_files image016.jpg
2002.08.06 14:48 B C:\david\book\lastcall\index_files\image017.jpg --> ftp.shaw.ca /lastcall/index_files image017.jpg
2002.08.06 14:48 B C:\david\book\lastcall\index_files\image018.jpg --> ftp.shaw.ca /lastcall/index_files image018.jpg
2002.08.06 14:48 B C:\david\book\lastcall\index_files\image019.jpg --> ftp.shaw.ca /lastcall/index_files image019.jpg
2002.08.06 14:48 B C:\david\book\lastcall\index_files\image020.jpg --> ftp.shaw.ca /lastcall/index_files image020.jpg
2002.08.06 14:48 B C:\david\book\lastcall\index_files\image021.jpg --> ftp.shaw.ca /lastcall/index_files image021.jpg
2002.08.06 14:48 B C:\david\book\lastcall\index_files\image022.jpg --> ftp.shaw.ca /lastcall/index_files image022.jpg
2002.08.06 14:48 B C:\david\book\lastcall\index_files\image023.jpg --> ftp.shaw.ca /lastcall/index_files image023.jpg
2002.08.06 14:48 B C:\david\book\lastcall\index_files\image024.jpg --> ftp.shaw.ca /lastcall/index_files image024.jpg
2002.08.06 14:48 B C:\david\book\lastcall\index_files\image025.jpg --> ftp.shaw.ca /lastcall/index_files image025.jpg
2002.08.06 14:48 B C:\david\book\lastcall\index_files\image026.jpg --> ftp.shaw.ca /lastcall/index_files image026.jpg
2002.08.06 14:48 B C:\david\book\lastcall\index_files\oledata.mso --> ftp.shaw.ca /lastcall/index_files oledata.mso
2002.08.06 14:48 B C:\david\book\lastcall\index_files\WS_FTP.LOG --> ftp.shaw.ca /lastcall/index_files WS_FTP.LOG
2002.12.17 08:20 B C:\david\book\lastcall\index_files\filelist.xml --> ftp.shaw.ca /lastcall/index_files filelist.xml
2002.12.17 08:20 B C:\david\book\lastcall\index_files\header.htm --> ftp.shaw.ca /lastcall/index_files header.htm
2002.12.17 08:20 B C:\david\book\lastcall\index_files\image001.gif --> ftp.shaw.ca /lastcall/index_files image001.gif
2002.12.17 08:20 B C:\david\book\lastcall\index_files\image001.wmz --> ftp.shaw.ca /lastcall/index_files image001.wmz
2002.12.17 08:20 B C:\david\book\lastcall\index_files\image002.gif --> ftp.shaw.ca /lastcall/index_files image002.gif
2002.12.17 08:20 B C:\david\book\lastcall\index_files\image003.gif --> ftp.shaw.ca /lastcall/index_files image003.gif
2002.12.17 08:20 B C:\david\book\lastcall\index_files\image003.wmz --> ftp.shaw.ca /lastcall/index_files image003.wmz
2002.12.17 08:20 B C:\david\book\lastcall\index_files\image004.gif --> ftp.shaw.ca /lastcall/index_files image004.gif
2002.12.17 08:20 B C:\david\book\lastcall\index_files\image004.wmz --> ftp.shaw.ca /lastcall/index_files image004.wmz
2002.12.17 08:20 B C:\david\book\lastcall\index_files\image005.gif --> ftp.shaw.ca /lastcall/index_files image005.gif
2002.12.17 08:20 B C:\david\book\lastcall\index_files\image005.jpg --> ftp.shaw.ca /lastcall/index_files image005.jpg
2002.12.17 08:20 B C:\david\book\lastcall\index_files\image006.jpg --> ftp.shaw.ca /lastcall/index_files image006.jpg
2002.12.17 08:20 B C:\david\book\lastcall\index_files\image007.jpg --> ftp.shaw.ca /lastcall/index_files image007.jpg
2002.12.17 08:20 B C:\david\book\lastcall\index_files\image008.jpg --> ftp.shaw.ca /lastcall/index_files image008.jpg
2002.12.17 08:20 B C:\david\book\lastcall\index_files\image009.jpg --> ftp.shaw.ca /lastcall/index_files image009.jpg
2002.12.17 08:20 B C:\david\book\lastcall\index_files\image010.jpg --> ftp.shaw.ca /lastcall/index_files image010.jpg
2002.12.17 08:20 B C:\david\book\lastcall\index_files\image011.jpg --> ftp.shaw.ca /lastcall/index_files image011.jpg
2002.12.17 08:20 B C:\david\book\lastcall\index_files\image012.jpg --> ftp.shaw.ca /lastcall/index_files image012.jpg
2002.12.17 08:20 B C:\david\book\lastcall\index_files\image013.jpg --> ftp.shaw.ca /lastcall/index_files image013.jpg
2002.12.17 08:21 B C:\david\book\lastcall\index_files\image014.jpg --> ftp.shaw.ca /lastcall/index_files image014.jpg
2002.12.17 08:21 B C:\david\book\lastcall\index_files\image015.jpg --> ftp.shaw.ca /lastcall/index_files image015.jpg
2002.12.17 08:21 B C:\david\book\lastcall\index_files\image016.jpg --> ftp.shaw.ca /lastcall/index_files image016.jpg
2002.12.17 08:21 B C:\david\book\lastcall\index_files\image017.jpg --> ftp.shaw.ca /lastcall/index_files image017.jpg
2002.12.17 08:21 B C:\david\book\lastcall\index_files\image018.jpg --> ftp.shaw.ca /lastcall/index_files image018.jpg
2002.12.17 08:21 B C:\david\book\lastcall\index_files\image019.jpg --> ftp.shaw.ca /lastcall/index_files image019.jpg
2002.12.17 08:21 B C:\david\book\lastcall\index_files\image020.jpg --> ftp.shaw.ca /lastcall/index_files image020.jpg
2002.12.17 08:21 B C:\david\book\lastcall\index_files\image021.jpg --> ftp.shaw.ca /lastcall/index_files image021.jpg
2002.12.17 08:21 B C:\david\book\lastcall\index_files\image022.jpg --> ftp.shaw.ca /lastcall/index_files image022.jpg
2002.12.17 08:21 B C:\david\book\lastcall\index_files\image023.jpg --> ftp.shaw.ca /lastcall/index_files image023.jpg
2002.12.17 08:21 B C:\david\book\lastcall\index_files\image024.jpg --> ftp.shaw.ca /lastcall/index_files image024.jpg
2002.12.17 08:21 B C:\david\book\lastcall\index_files\image025.jpg --> ftp.shaw.ca /lastcall/index_files image025.jpg
2002.12.17 08:21 B C:\david\book\lastcall\index_files\image026.jpg --> ftp.shaw.ca /lastcall/index_files image026.jpg
2002.12.17 08:21 B C:\david\book\lastcall\index_files\image027.jpg --> ftp.shaw.ca /lastcall/index_files image027.jpg
2002.12.17 08:21 B C:\david\book\lastcall\index_files\oledata.mso --> ftp.shaw.ca /lastcall/index_files oledata.mso
