2025-09-23 20:06:08,105 - INFO - ============================================================
2025-09-23 20:06:08,106 - INFO - Processing docs/htm
2025-09-23 20:06:08,106 - INFO - ============================================================
2025-09-23 20:06:08,114 - WARNING - Duplicate XI file 1684 found in L0 and L1
2025-09-23 20:06:08,114 - WARNING - Duplicate XI file 1685 found in L0 and L1
2025-09-23 20:06:08,114 - WARNING - Duplicate XI file 1671 found in L0 and L1
2025-09-23 20:06:08,114 - WARNING - Duplicate XI file 1662 found in L0 and L1
2025-09-23 20:06:08,114 - WARNING - Duplicate XI file 1675 found in L0 and L1
2025-09-23 20:06:08,114 - WARNING - Duplicate XI file 1686 found in L0 and L1
2025-09-23 20:06:08,114 - WARNING - Duplicate XI file 1678 found in L0 and L1
2025-09-23 20:06:08,114 - WARNING - Duplicate XI file 1660 found in L0 and L1
2025-09-23 20:06:08,114 - WARNING - Duplicate XI file 1650 found in L0 and L1
2025-09-23 20:06:08,114 - WARNING - Duplicate XI file 1656 found in L0 and L1
2025-09-23 20:06:08,114 - WARNING - Duplicate XI file 1670 found in L0 and L1
2025-09-23 20:06:08,114 - WARNING - Duplicate XI file 1669 found in L0 and L1
2025-09-23 20:06:08,114 - WARNING - Duplicate XI file 1674 found in L0 and L1
2025-09-23 20:06:08,114 - WARNING - Duplicate XI file 1644 found in L0 and L1
2025-09-23 20:06:08,114 - WARNING - Duplicate XI file 1642 found in L0 and L1
2025-09-23 20:06:08,115 - WARNING - Duplicate XI file 1673 found in L0 and L1
2025-09-23 20:06:08,115 - WARNING - Duplicate XI file 1653 found in L0 and L1
2025-09-23 20:06:08,115 - WARNING - Duplicate XI file 1654 found in L0 and L1
2025-09-23 20:06:08,115 - WARNING - Duplicate XI file 1661 found in L0 and L1
2025-09-23 20:06:08,115 - WARNING - Duplicate XI file 1649 found in L0 and L1
2025-09-23 20:06:08,115 - WARNING - Duplicate XI file 1646 found in L0 and L1
2025-09-23 20:06:08,115 - WARNING - Duplicate XI file 1677 found in L0 and L1
2025-09-23 20:06:08,115 - WARNING - Duplicate XI file 1666 found in L0 and L1
2025-09-23 20:06:08,115 - WARNING - Duplicate XI file 1683 found in L0 and L1
2025-09-23 20:06:08,115 - WARNING - Duplicate XI file 1492 found in L0 and L6
2025-09-23 20:06:08,115 - WARNING - Duplicate XI file 1672 found in L0 and L1
2025-09-23 20:06:08,115 - WARNING - Duplicate XI file 1681 found in L0 and L1
2025-09-23 20:06:08,115 - WARNING - Duplicate XI file 1652 found in L0 and L1
2025-09-23 20:06:08,115 - WARNING - Duplicate XI file 1655 found in L0 and L1
2025-09-23 20:06:08,115 - WARNING - Duplicate XI file 1641 found in L0 and L1
2025-09-23 20:06:08,115 - WARNING - Duplicate XI file 1659 found in L0 and L1
2025-09-23 20:06:08,115 - WARNING - Duplicate XI file 1647 found in L0 and L1
2025-09-23 20:06:08,115 - WARNING - Duplicate XI file 1682 found in L0 and L1
2025-09-23 20:06:08,115 - WARNING - Duplicate XI file 1643 found in L0 and L1
2025-09-23 20:06:08,115 - WARNING - Duplicate XI file 1665 found in L0 and L1
2025-09-23 20:06:08,115 - WARNING - Duplicate XI file 1679 found in L0 and L1
2025-09-23 20:06:08,115 - WARNING - Duplicate XI file 1657 found in L0 and L1
2025-09-23 20:06:08,115 - WARNING - Duplicate XI file 1676 found in L0 and L1
2025-09-23 20:06:08,115 - WARNING - Duplicate XI file 1680 found in L0 and L1
2025-09-23 20:06:08,115 - WARNING - Duplicate XI file 1688 found in L0 and L1
2025-09-23 20:06:08,115 - WARNING - Duplicate XI file 1663 found in L0 and L1
2025-09-23 20:06:08,115 - WARNING - Duplicate XI file 1645 found in L0 and L1
2025-09-23 20:06:08,116 - WARNING - Duplicate XI file 1667 found in L0 and L1
2025-09-23 20:06:08,116 - WARNING - Duplicate XI file 1664 found in L0 and L1
2025-09-23 20:06:08,116 - WARNING - Duplicate XI file 1668 found in L0 and L1
2025-09-23 20:06:08,116 - WARNING - Duplicate XI file 1658 found in L0 and L1
2025-09-23 20:06:08,116 - WARNING - Duplicate XI file 1651 found in L0 and L1
2025-09-23 20:06:08,116 - WARNING - Duplicate XI file 1648 found in L0 and L1
2025-09-23 20:06:08,116 - WARNING - Duplicate XI file 1687 found in L0 and L1
2025-09-23 20:06:08,117 - INFO - Built XI mapping for 2712 files in docs/htm
2025-09-23 20:06:08,117 - INFO - Found 2712 XI files in docs/htm
2025-09-23 20:06:08,117 - INFO - DRY RUN MODE - No changes will be made
2025-09-23 20:06:08,143 - INFO - Processing 11121 HTML files in docs/htm
2025-09-23 20:06:08,143 - INFO - Progress: 0/11121 files processed
2025-09-23 20:06:08,144 - INFO - DRY RUN: Would fix 49 XI references in docs/htm/THMB.htm
2025-09-23 20:06:08,146 - INFO - DRY RUN: Would fix 1 XI references in docs/htm/THBeause.htm
2025-09-23 20:06:08,147 - INFO - DRY RUN: Would fix 48 XI references in docs/htm/THWinnip.htm
2025-09-23 20:06:08,147 - INFO - Progress: 100/11121 files processed
2025-09-23 20:06:08,148 - INFO - DRY RUN: Would fix 1 XI references in docs/htm/TH1942.htm
2025-09-23 20:06:08,148 - INFO - DRY RUN: Would fix 48 XI references in docs/htm/TH2002.htm
2025-09-23 20:06:08,149 - INFO - Progress: 200/11121 files processed
2025-09-23 20:06:08,150 - INFO - Progress: 300/11121 files processed
2025-09-23 20:06:08,151 - INFO - Progress: 400/11121 files processed
2025-09-23 20:06:08,152 - INFO - Progress: 500/11121 files processed
2025-09-23 20:06:08,153 - INFO - Progress: 600/11121 files processed
2025-09-23 20:06:08,155 - INFO - Progress: 700/11121 files processed
2025-09-23 20:06:08,156 - INFO - Progress: 800/11121 files processed
2025-09-23 20:06:08,157 - INFO - Progress: 900/11121 files processed
2025-09-23 20:06:08,158 - INFO - Progress: 1000/11121 files processed
2025-09-23 20:06:08,159 - INFO - DRY RUN: Would fix 1 XI references in docs/htm/L6/THMB.htm
2025-09-23 20:06:08,159 - INFO - DRY RUN: Would fix 1 XI references in docs/htm/L6/THF398.htm
2025-09-23 20:06:08,160 - INFO - DRY RUN: Would fix 1 XI references in docs/htm/L6/THF413.htm
2025-09-23 20:06:08,160 - INFO - Progress: 1100/11121 files processed
2025-09-23 20:06:08,162 - INFO - Progress: 1200/11121 files processed
2025-09-23 20:06:08,164 - INFO - DRY RUN: Would fix 1 XI references in docs/htm/L6/THBeause.htm
2025-09-23 20:06:08,164 - INFO - Progress: 1300/11121 files processed
2025-09-23 20:06:08,166 - INFO - Progress: 1400/11121 files processed
2025-09-23 20:06:08,167 - INFO - DRY RUN: Would fix 1 XI references in docs/htm/L6/CXBeause.htm
2025-09-23 20:06:08,168 - INFO - Progress: 1500/11121 files processed
2025-09-23 20:06:08,169 - INFO - DRY RUN: Would fix 1 XI references in docs/htm/L6/XF532.htm
2025-09-23 20:06:08,170 - INFO - DRY RUN: Would fix 1 XI references in docs/htm/L6/PICS1942.htm
2025-09-23 20:06:08,170 - INFO - Progress: 1600/11121 files processed
2025-09-23 20:06:08,170 - INFO - DRY RUN: Would fix 1 XI references in docs/htm/L6/THF532.htm
2025-09-23 20:06:08,171 - INFO - Progress: 1700/11121 files processed
2025-09-23 20:06:08,171 - INFO - DRY RUN: Would fix 1 XI references in docs/htm/L6/TH1942.htm
2025-09-23 20:06:08,173 - INFO - DRY RUN: Would fix 1 XI references in docs/htm/L6/XF413.htm
2025-09-23 20:06:08,173 - INFO - Progress: 1800/11121 files processed
2025-09-23 20:06:08,174 - INFO - DRY RUN: Would fix 1 XI references in docs/htm/L6/XF398.htm
2025-09-23 20:06:08,177 - INFO - DRY RUN: Would fix 1 XI references in docs/htm/L6/PICSMB.htm
2025-09-23 20:06:08,178 - INFO - Progress: 1900/11121 files processed
2025-09-23 20:06:08,180 - INFO - Progress: 2000/11121 files processed
2025-09-23 20:06:08,181 - INFO - DRY RUN: Would fix 1 XI references in docs/htm/L6/XF442.htm
2025-09-23 20:06:08,181 - INFO - Progress: 2100/11121 files processed
2025-09-23 20:06:08,183 - INFO - Progress: 2200/11121 files processed
2025-09-23 20:06:08,184 - INFO - Progress: 2300/11121 files processed
2025-09-23 20:06:08,185 - INFO - Progress: 2400/11121 files processed
2025-09-23 20:06:08,186 - INFO - Progress: 2500/11121 files processed
2025-09-23 20:06:08,187 - INFO - Progress: 2600/11121 files processed
2025-09-23 20:06:08,188 - INFO - Progress: 2700/11121 files processed
2025-09-23 20:06:08,190 - INFO - Progress: 2800/11121 files processed
2025-09-23 20:06:08,191 - INFO - Progress: 2900/11121 files processed
2025-09-23 20:06:08,193 - INFO - Progress: 3000/11121 files processed
2025-09-23 20:06:08,195 - INFO - Progress: 3100/11121 files processed
2025-09-23 20:06:08,197 - INFO - Progress: 3200/11121 files processed
2025-09-23 20:06:08,199 - INFO - Progress: 3300/11121 files processed
2025-09-23 20:06:08,200 - INFO - Progress: 3400/11121 files processed
2025-09-23 20:06:08,201 - INFO - Progress: 3500/11121 files processed
2025-09-23 20:06:08,203 - INFO - DRY RUN: Would fix 48 XI references in docs/htm/L1/THMB.htm
2025-09-23 20:06:08,203 - INFO - Progress: 3600/11121 files processed
2025-09-23 20:06:08,204 - INFO - DRY RUN: Would fix 2 XI references in docs/htm/L1/XF192.htm
2025-09-23 20:06:08,205 - INFO - Progress: 3700/11121 files processed
2025-09-23 20:06:08,208 - INFO - Progress: 3800/11121 files processed
2025-09-23 20:06:08,210 - INFO - Progress: 3900/11121 files processed
2025-09-23 20:06:08,212 - INFO - Progress: 4000/11121 files processed
2025-09-23 20:06:08,213 - INFO - Progress: 4100/11121 files processed
2025-09-23 20:06:08,215 - INFO - Progress: 4200/11121 files processed
2025-09-23 20:06:08,216 - INFO - Progress: 4300/11121 files processed
2025-09-23 20:06:08,218 - INFO - Progress: 4400/11121 files processed
2025-09-23 20:06:08,220 - INFO - Progress: 4500/11121 files processed
2025-09-23 20:06:08,221 - INFO - DRY RUN: Would fix 48 XI references in docs/htm/L1/PICS2002.htm
2025-09-23 20:06:08,222 - INFO - Progress: 4600/11121 files processed
2025-09-23 20:06:08,223 - INFO - Progress: 4700/11121 files processed
2025-09-23 20:06:08,227 - INFO - Progress: 4800/11121 files processed
2025-09-23 20:06:08,228 - INFO - DRY RUN: Would fix 48 XI references in docs/htm/L1/THWinnip.htm
2025-09-23 20:06:08,230 - INFO - Progress: 4900/11121 files processed
2025-09-23 20:06:08,231 - INFO - Progress: 5000/11121 files processed
2025-09-23 20:06:08,232 - INFO - Progress: 5100/11121 files processed
2025-09-23 20:06:08,234 - INFO - Progress: 5200/11121 files processed
2025-09-23 20:06:08,236 - INFO - DRY RUN: Would fix 48 XI references in docs/htm/L1/XF191.htm
2025-09-23 20:06:08,236 - INFO - Progress: 5300/11121 files processed
2025-09-23 20:06:08,237 - INFO - Progress: 5400/11121 files processed
2025-09-23 20:06:08,238 - INFO - DRY RUN: Would fix 2 XI references in docs/htm/L1/THF192.htm
2025-09-23 20:06:08,242 - INFO - DRY RUN: Would fix 48 XI references in docs/htm/L1/CXWinnip.htm
2025-09-23 20:06:08,242 - INFO - DRY RUN: Would fix 48 XI references in docs/htm/L1/TH2002.htm
2025-09-23 20:06:08,243 - INFO - Progress: 5500/11121 files processed
2025-09-23 20:06:08,244 - INFO - Progress: 5600/11121 files processed
2025-09-23 20:06:08,245 - INFO - Progress: 5700/11121 files processed
2025-09-23 20:06:08,246 - INFO - Progress: 5800/11121 files processed
2025-09-23 20:06:08,247 - INFO - Progress: 5900/11121 files processed
2025-09-23 20:06:08,253 - INFO - DRY RUN: Would fix 48 XI references in docs/htm/L1/PICSMB.htm
2025-09-23 20:06:08,255 - INFO - Progress: 6000/11121 files processed
2025-09-23 20:06:08,256 - INFO - Progress: 6100/11121 files processed
2025-09-23 20:06:08,257 - INFO - Progress: 6200/11121 files processed
2025-09-23 20:06:08,259 - INFO - Progress: 6300/11121 files processed
2025-09-23 20:06:08,261 - INFO - Progress: 6400/11121 files processed
2025-09-23 20:06:08,262 - INFO - Progress: 6500/11121 files processed
2025-09-23 20:06:08,263 - INFO - Progress: 6600/11121 files processed
2025-09-23 20:06:08,264 - INFO - Progress: 6700/11121 files processed
2025-09-23 20:06:08,265 - INFO - Progress: 6800/11121 files processed
2025-09-23 20:06:08,266 - INFO - Progress: 6900/11121 files processed
2025-09-23 20:06:08,268 - INFO - Progress: 7000/11121 files processed
2025-09-23 20:06:08,268 - INFO - Progress: 7100/11121 files processed
2025-09-23 20:06:08,269 - INFO - Progress: 7200/11121 files processed
2025-09-23 20:06:08,270 - INFO - Progress: 7300/11121 files processed
2025-09-23 20:06:08,272 - INFO - DRY RUN: Would fix 49 XI references in docs/htm/L0/THMB.htm
2025-09-23 20:06:08,275 - INFO - DRY RUN: Would fix 1 XI references in docs/htm/L0/THSP32.htm
2025-09-23 20:06:08,275 - INFO - Progress: 7400/11121 files processed
2025-09-23 20:06:08,277 - INFO - Progress: 7500/11121 files processed
2025-09-23 20:06:08,277 - INFO - DRY RUN: Would fix 1 XI references in docs/htm/L0/THSP27.htm
2025-09-23 20:06:08,278 - INFO - DRY RUN: Would fix 1 XI references in docs/htm/L0/THBeause.htm
2025-09-23 20:06:08,278 - INFO - DRY RUN: Would fix 1 XI references in docs/htm/L0/THSP8.htm
2025-09-23 20:06:08,280 - INFO - DRY RUN: Would fix 48 XI references in docs/htm/L0/PICS2002.htm
2025-09-23 20:06:08,281 - INFO - Progress: 7600/11121 files processed
2025-09-23 20:06:08,282 - INFO - DRY RUN: Would fix 1 XI references in docs/htm/L0/CXBeause.htm
2025-09-23 20:06:08,283 - INFO - DRY RUN: Would fix 48 XI references in docs/htm/L0/THWinnip.htm
2025-09-23 20:06:08,284 - INFO - DRY RUN: Would fix 2 XI references in docs/htm/L0/THSP31.htm
2025-09-23 20:06:08,285 - INFO - Progress: 7700/11121 files processed
2025-09-23 20:06:08,285 - INFO - DRY RUN: Would fix 1 XI references in docs/htm/L0/PICS1942.htm
2025-09-23 20:06:08,287 - INFO - DRY RUN: Would fix 48 XI references in docs/htm/L0/THSP10.htm
2025-09-23 20:06:08,288 - INFO - DRY RUN: Would fix 48 XI references in docs/htm/L0/THSP6.htm
2025-09-23 20:06:08,289 - INFO - Progress: 7800/11121 files processed
2025-09-23 20:06:08,289 - INFO - DRY RUN: Would fix 1 XI references in docs/htm/L0/TH1942.htm
2025-09-23 20:06:08,293 - INFO - DRY RUN: Would fix 48 XI references in docs/htm/L0/CXWinnip.htm
2025-09-23 20:06:08,293 - INFO - DRY RUN: Would fix 48 XI references in docs/htm/L0/TH2002.htm
2025-09-23 20:06:08,294 - INFO - DRY RUN: Would fix 1 XI references in docs/htm/L0/THSP7.htm
2025-09-23 20:06:08,294 - INFO - Progress: 7900/11121 files processed
2025-09-23 20:06:08,301 - INFO - DRY RUN: Would fix 49 XI references in docs/htm/L0/PICSMB.htm
2025-09-23 20:06:08,303 - INFO - Progress: 8000/11121 files processed
2025-09-23 20:06:08,305 - INFO - DRY RUN: Would fix 2 XI references in docs/htm/L0/THSP30.htm
2025-09-23 20:06:08,305 - INFO - Progress: 8100/11121 files processed
2025-09-23 20:06:08,306 - INFO - DRY RUN: Would fix 1 XI references in docs/htm/L0/THSP12.htm
2025-09-23 20:06:08,307 - INFO - Progress: 8200/11121 files processed
2025-09-23 20:06:08,309 - INFO - DRY RUN: Would fix 1 XI references in docs/htm/L7/THMB.htm
2025-09-23 20:06:08,309 - INFO - Progress: 8300/11121 files processed
2025-09-23 20:06:08,310 - INFO - DRY RUN: Would fix 1 XI references in docs/htm/L7/XF491.htm
2025-09-23 20:06:08,310 - INFO - DRY RUN: Would fix 1 XI references in docs/htm/L7/THBeause.htm
2025-09-23 20:06:08,311 - INFO - Progress: 8400/11121 files processed
2025-09-23 20:06:08,311 - INFO - DRY RUN: Would fix 1 XI references in docs/htm/L7/CXBeause.htm
2025-09-23 20:06:08,312 - INFO - DRY RUN: Would fix 1 XI references in docs/htm/L7/PICS1942.htm
2025-09-23 20:06:08,312 - INFO - DRY RUN: Would fix 1 XI references in docs/htm/L7/TH1942.htm
2025-09-23 20:06:08,312 - INFO - Progress: 8500/11121 files processed
2025-09-23 20:06:08,313 - INFO - DRY RUN: Would fix 1 XI references in docs/htm/L7/XF399.htm
2025-09-23 20:06:08,314 - INFO - DRY RUN: Would fix 1 XI references in docs/htm/L7/PICSMB.htm
2025-09-23 20:06:08,314 - INFO - Progress: 8600/11121 files processed
2025-09-23 20:06:08,316 - INFO - DRY RUN: Would fix 1 XI references in docs/htm/L7/THF399.htm
2025-09-23 20:06:08,316 - INFO - DRY RUN: Would fix 1 XI references in docs/htm/L7/THF491.htm
2025-09-23 20:06:08,316 - INFO - Progress: 8700/11121 files processed
2025-09-23 20:06:08,318 - INFO - Progress: 8800/11121 files processed
2025-09-23 20:06:08,319 - INFO - Progress: 8900/11121 files processed
2025-09-23 20:06:08,320 - INFO - Progress: 9000/11121 files processed
2025-09-23 20:06:08,321 - INFO - Progress: 9100/11121 files processed
2025-09-23 20:06:08,322 - INFO - Progress: 9200/11121 files processed
2025-09-23 20:06:08,323 - INFO - Progress: 9300/11121 files processed
2025-09-23 20:06:08,324 - INFO - Progress: 9400/11121 files processed
2025-09-23 20:06:08,325 - INFO - Progress: 9500/11121 files processed
2025-09-23 20:06:08,326 - INFO - Progress: 9600/11121 files processed
2025-09-23 20:06:08,327 - INFO - Progress: 9700/11121 files processed
2025-09-23 20:06:08,328 - INFO - Progress: 9800/11121 files processed
2025-09-23 20:06:08,329 - INFO - Progress: 9900/11121 files processed
2025-09-23 20:06:08,329 - INFO - Progress: 10000/11121 files processed
2025-09-23 20:06:08,330 - INFO - Progress: 10100/11121 files processed
2025-09-23 20:06:08,331 - INFO - Progress: 10200/11121 files processed
2025-09-23 20:06:08,332 - INFO - Progress: 10300/11121 files processed
2025-09-23 20:06:08,333 - INFO - Progress: 10400/11121 files processed
2025-09-23 20:06:08,334 - INFO - Progress: 10500/11121 files processed
2025-09-23 20:06:08,335 - INFO - Progress: 10600/11121 files processed
2025-09-23 20:06:08,337 - INFO - Progress: 10700/11121 files processed
2025-09-23 20:06:08,338 - INFO - Progress: 10800/11121 files processed
2025-09-23 20:06:08,339 - INFO - Progress: 10900/11121 files processed
2025-09-23 20:06:08,340 - INFO - Progress: 11000/11121 files processed
2025-09-23 20:06:08,341 - INFO - Progress: 11100/11121 files processed
2025-09-23 20:06:08,343 - INFO - Results for docs/htm:
2025-09-23 20:06:08,343 - INFO -   Files modified: 56
2025-09-23 20:06:08,343 - INFO -   XI references fixed: 909
2025-09-23 20:06:08,343 - INFO - ============================================================
2025-09-23 20:06:08,343 - INFO - Processing docs/new
2025-09-23 20:06:08,343 - INFO - ============================================================
2025-09-23 20:06:08,343 - INFO - Built XI mapping for 0 files in docs/new
2025-09-23 20:06:08,343 - INFO - Found 0 XI files in docs/new
2025-09-23 20:06:08,343 - INFO - DRY RUN MODE - No changes will be made
2025-09-23 20:06:08,367 - INFO - Processing 10832 HTML files in docs/new
2025-09-23 20:06:08,367 - INFO - Progress: 0/10832 files processed
2025-09-23 20:06:08,370 - INFO - Progress: 100/10832 files processed
2025-09-23 20:06:08,371 - INFO - Progress: 200/10832 files processed
2025-09-23 20:06:08,372 - INFO - Progress: 300/10832 files processed
2025-09-23 20:06:08,373 - INFO - Progress: 400/10832 files processed
2025-09-23 20:06:08,374 - INFO - Progress: 500/10832 files processed
2025-09-23 20:06:08,376 - INFO - Progress: 600/10832 files processed
2025-09-23 20:06:08,377 - INFO - Progress: 700/10832 files processed
2025-09-23 20:06:08,378 - INFO - Progress: 800/10832 files processed
2025-09-23 20:06:08,380 - INFO - Progress: 900/10832 files processed
2025-09-23 20:06:08,381 - INFO - Progress: 1000/10832 files processed
2025-09-23 20:06:08,382 - INFO - Progress: 1100/10832 files processed
2025-09-23 20:06:08,383 - INFO - Progress: 1200/10832 files processed
2025-09-23 20:06:08,385 - INFO - Progress: 1300/10832 files processed
2025-09-23 20:06:08,386 - INFO - Progress: 1400/10832 files processed
2025-09-23 20:06:08,388 - INFO - Progress: 1500/10832 files processed
2025-09-23 20:06:08,390 - INFO - Progress: 1600/10832 files processed
2025-09-23 20:06:08,391 - INFO - Progress: 1700/10832 files processed
2025-09-23 20:06:08,393 - INFO - Progress: 1800/10832 files processed
2025-09-23 20:06:08,395 - INFO - Progress: 1900/10832 files processed
2025-09-23 20:06:08,397 - INFO - Progress: 2000/10832 files processed
2025-09-23 20:06:08,398 - INFO - Progress: 2100/10832 files processed
2025-09-23 20:06:08,399 - INFO - Progress: 2200/10832 files processed
2025-09-23 20:06:08,401 - INFO - Progress: 2300/10832 files processed
2025-09-23 20:06:08,403 - INFO - Progress: 2400/10832 files processed
2025-09-23 20:06:08,404 - INFO - Progress: 2500/10832 files processed
2025-09-23 20:06:08,406 - INFO - Progress: 2600/10832 files processed
2025-09-23 20:06:08,407 - INFO - Progress: 2700/10832 files processed
2025-09-23 20:06:08,410 - INFO - Progress: 2800/10832 files processed
2025-09-23 20:06:08,412 - INFO - Progress: 2900/10832 files processed
2025-09-23 20:06:08,414 - INFO - Progress: 3000/10832 files processed
2025-09-23 20:06:08,417 - INFO - Progress: 3100/10832 files processed
2025-09-23 20:06:08,419 - INFO - Progress: 3200/10832 files processed
2025-09-23 20:06:08,421 - INFO - Progress: 3300/10832 files processed
2025-09-23 20:06:08,423 - INFO - Progress: 3400/10832 files processed
2025-09-23 20:06:08,424 - INFO - Progress: 3500/10832 files processed
2025-09-23 20:06:08,427 - INFO - Progress: 3600/10832 files processed
2025-09-23 20:06:08,430 - INFO - Progress: 3700/10832 files processed
2025-09-23 20:06:08,433 - INFO - Progress: 3800/10832 files processed
2025-09-23 20:06:08,435 - INFO - Progress: 3900/10832 files processed
2025-09-23 20:06:08,437 - INFO - Progress: 4000/10832 files processed
2025-09-23 20:06:08,438 - INFO - Progress: 4100/10832 files processed
2025-09-23 20:06:08,440 - INFO - Progress: 4200/10832 files processed
2025-09-23 20:06:08,442 - INFO - Progress: 4300/10832 files processed
2025-09-23 20:06:08,444 - INFO - Progress: 4400/10832 files processed
2025-09-23 20:06:08,447 - INFO - Progress: 4500/10832 files processed
2025-09-23 20:06:08,448 - INFO - Progress: 4600/10832 files processed
2025-09-23 20:06:08,452 - INFO - Progress: 4700/10832 files processed
2025-09-23 20:06:08,455 - INFO - Progress: 4800/10832 files processed
2025-09-23 20:06:08,456 - INFO - Progress: 4900/10832 files processed
2025-09-23 20:06:08,458 - INFO - Progress: 5000/10832 files processed
2025-09-23 20:06:08,461 - INFO - Progress: 5100/10832 files processed
2025-09-23 20:06:08,462 - INFO - Progress: 5200/10832 files processed
2025-09-23 20:06:08,464 - INFO - Progress: 5300/10832 files processed
2025-09-23 20:06:08,467 - INFO - Progress: 5400/10832 files processed
2025-09-23 20:06:08,468 - INFO - Progress: 5500/10832 files processed
2025-09-23 20:06:08,470 - INFO - Progress: 5600/10832 files processed
2025-09-23 20:06:08,471 - INFO - Progress: 5700/10832 files processed
2025-09-23 20:06:08,476 - INFO - Progress: 5800/10832 files processed
2025-09-23 20:06:08,478 - INFO - Progress: 5900/10832 files processed
2025-09-23 20:06:08,479 - INFO - Progress: 6000/10832 files processed
2025-09-23 20:06:08,481 - INFO - Progress: 6100/10832 files processed
2025-09-23 20:06:08,483 - INFO - Progress: 6200/10832 files processed
2025-09-23 20:06:08,485 - INFO - Progress: 6300/10832 files processed
2025-09-23 20:06:08,487 - INFO - Progress: 6400/10832 files processed
2025-09-23 20:06:08,488 - INFO - Progress: 6500/10832 files processed
2025-09-23 20:06:08,490 - INFO - Progress: 6600/10832 files processed
2025-09-23 20:06:08,491 - INFO - Progress: 6700/10832 files processed
2025-09-23 20:06:08,493 - INFO - Progress: 6800/10832 files processed
2025-09-23 20:06:08,494 - INFO - Progress: 6900/10832 files processed
2025-09-23 20:06:08,496 - INFO - Progress: 7000/10832 files processed
2025-09-23 20:06:08,499 - INFO - Progress: 7100/10832 files processed
2025-09-23 20:06:08,501 - INFO - Progress: 7200/10832 files processed
2025-09-23 20:06:08,505 - INFO - Progress: 7300/10832 files processed
2025-09-23 20:06:08,509 - INFO - Progress: 7400/10832 files processed
2025-09-23 20:06:08,514 - INFO - Progress: 7500/10832 files processed
2025-09-23 20:06:08,519 - INFO - Progress: 7600/10832 files processed
2025-09-23 20:06:08,524 - INFO - Progress: 7700/10832 files processed
2025-09-23 20:06:08,528 - INFO - Progress: 7800/10832 files processed
2025-09-23 20:06:08,530 - INFO - Progress: 7900/10832 files processed
2025-09-23 20:06:08,531 - INFO - Progress: 8000/10832 files processed
2025-09-23 20:06:08,532 - INFO - Progress: 8100/10832 files processed
2025-09-23 20:06:08,534 - INFO - Progress: 8200/10832 files processed
2025-09-23 20:06:08,535 - INFO - Progress: 8300/10832 files processed
2025-09-23 20:06:08,537 - INFO - Progress: 8400/10832 files processed
2025-09-23 20:06:08,538 - INFO - Progress: 8500/10832 files processed
2025-09-23 20:06:08,539 - INFO - Progress: 8600/10832 files processed
2025-09-23 20:06:08,540 - INFO - Progress: 8700/10832 files processed
2025-09-23 20:06:08,541 - INFO - Progress: 8800/10832 files processed
2025-09-23 20:06:08,542 - INFO - Progress: 8900/10832 files processed
2025-09-23 20:06:08,543 - INFO - Progress: 9000/10832 files processed
2025-09-23 20:06:08,544 - INFO - Progress: 9100/10832 files processed
2025-09-23 20:06:08,545 - INFO - Progress: 9200/10832 files processed
2025-09-23 20:06:08,546 - INFO - Progress: 9300/10832 files processed
2025-09-23 20:06:08,547 - INFO - Progress: 9400/10832 files processed
2025-09-23 20:06:08,548 - INFO - Progress: 9500/10832 files processed
2025-09-23 20:06:08,549 - INFO - Progress: 9600/10832 files processed
2025-09-23 20:06:08,550 - INFO - Progress: 9700/10832 files processed
2025-09-23 20:06:08,551 - INFO - Progress: 9800/10832 files processed
2025-09-23 20:06:08,552 - INFO - Progress: 9900/10832 files processed
2025-09-23 20:06:08,553 - INFO - Progress: 10000/10832 files processed
2025-09-23 20:06:08,555 - INFO - Progress: 10100/10832 files processed
2025-09-23 20:06:08,556 - INFO - Progress: 10200/10832 files processed
2025-09-23 20:06:08,557 - INFO - Progress: 10300/10832 files processed
2025-09-23 20:06:08,559 - INFO - Progress: 10400/10832 files processed
2025-09-23 20:06:08,560 - INFO - Progress: 10500/10832 files processed
2025-09-23 20:06:08,561 - INFO - Progress: 10600/10832 files processed
2025-09-23 20:06:08,563 - INFO - Progress: 10700/10832 files processed
2025-09-23 20:06:08,564 - INFO - Progress: 10800/10832 files processed
2025-09-23 20:06:08,566 - INFO - Results for docs/new:
2025-09-23 20:06:08,566 - INFO -   Files modified: 0
2025-09-23 20:06:08,566 - INFO -   XI references fixed: 0
2025-09-23 20:06:08,566 - INFO - ============================================================
2025-09-23 20:06:08,566 - INFO - FINAL SUMMARY
2025-09-23 20:06:08,566 - INFO - ============================================================
2025-09-23 20:06:08,566 - INFO - Total files modified: 56
2025-09-23 20:06:08,566 - INFO - Total XI references fixed: 909
2025-09-23 20:06:08,566 - INFO - Processing time: 0.46 seconds
2025-09-23 20:06:08,567 - INFO - This was a DRY RUN. No changes were made.
2025-09-23 20:06:08,567 - INFO - Run without --dry-run to apply the fixes.
2025-09-23 20:06:23,428 - INFO - ============================================================
2025-09-23 20:06:23,428 - INFO - Processing docs/htm
2025-09-23 20:06:23,428 - INFO - ============================================================
2025-09-23 20:06:23,436 - WARNING - Duplicate XI file 1684 found in L0 and L1
2025-09-23 20:06:23,436 - WARNING - Duplicate XI file 1685 found in L0 and L1
2025-09-23 20:06:23,436 - WARNING - Duplicate XI file 1671 found in L0 and L1
2025-09-23 20:06:23,436 - WARNING - Duplicate XI file 1662 found in L0 and L1
2025-09-23 20:06:23,436 - WARNING - Duplicate XI file 1675 found in L0 and L1
2025-09-23 20:06:23,436 - WARNING - Duplicate XI file 1686 found in L0 and L1
2025-09-23 20:06:23,436 - WARNING - Duplicate XI file 1678 found in L0 and L1
2025-09-23 20:06:23,436 - WARNING - Duplicate XI file 1660 found in L0 and L1
2025-09-23 20:06:23,437 - WARNING - Duplicate XI file 1650 found in L0 and L1
2025-09-23 20:06:23,437 - WARNING - Duplicate XI file 1656 found in L0 and L1
2025-09-23 20:06:23,437 - WARNING - Duplicate XI file 1670 found in L0 and L1
2025-09-23 20:06:23,437 - WARNING - Duplicate XI file 1669 found in L0 and L1
2025-09-23 20:06:23,437 - WARNING - Duplicate XI file 1674 found in L0 and L1
2025-09-23 20:06:23,437 - WARNING - Duplicate XI file 1644 found in L0 and L1
2025-09-23 20:06:23,437 - WARNING - Duplicate XI file 1642 found in L0 and L1
2025-09-23 20:06:23,437 - WARNING - Duplicate XI file 1673 found in L0 and L1
2025-09-23 20:06:23,437 - WARNING - Duplicate XI file 1653 found in L0 and L1
2025-09-23 20:06:23,437 - WARNING - Duplicate XI file 1654 found in L0 and L1
2025-09-23 20:06:23,437 - WARNING - Duplicate XI file 1661 found in L0 and L1
2025-09-23 20:06:23,437 - WARNING - Duplicate XI file 1649 found in L0 and L1
2025-09-23 20:06:23,437 - WARNING - Duplicate XI file 1646 found in L0 and L1
2025-09-23 20:06:23,437 - WARNING - Duplicate XI file 1677 found in L0 and L1
2025-09-23 20:06:23,437 - WARNING - Duplicate XI file 1666 found in L0 and L1
2025-09-23 20:06:23,437 - WARNING - Duplicate XI file 1683 found in L0 and L1
2025-09-23 20:06:23,437 - WARNING - Duplicate XI file 1492 found in L0 and L6
2025-09-23 20:06:23,438 - WARNING - Duplicate XI file 1672 found in L0 and L1
2025-09-23 20:06:23,438 - WARNING - Duplicate XI file 1681 found in L0 and L1
2025-09-23 20:06:23,438 - WARNING - Duplicate XI file 1652 found in L0 and L1
2025-09-23 20:06:23,438 - WARNING - Duplicate XI file 1655 found in L0 and L1
2025-09-23 20:06:23,438 - WARNING - Duplicate XI file 1641 found in L0 and L1
2025-09-23 20:06:23,438 - WARNING - Duplicate XI file 1659 found in L0 and L1
2025-09-23 20:06:23,438 - WARNING - Duplicate XI file 1647 found in L0 and L1
2025-09-23 20:06:23,438 - WARNING - Duplicate XI file 1682 found in L0 and L1
2025-09-23 20:06:23,438 - WARNING - Duplicate XI file 1643 found in L0 and L1
2025-09-23 20:06:23,438 - WARNING - Duplicate XI file 1665 found in L0 and L1
2025-09-23 20:06:23,438 - WARNING - Duplicate XI file 1679 found in L0 and L1
2025-09-23 20:06:23,438 - WARNING - Duplicate XI file 1657 found in L0 and L1
2025-09-23 20:06:23,438 - WARNING - Duplicate XI file 1676 found in L0 and L1
2025-09-23 20:06:23,438 - WARNING - Duplicate XI file 1680 found in L0 and L1
2025-09-23 20:06:23,438 - WARNING - Duplicate XI file 1688 found in L0 and L1
2025-09-23 20:06:23,438 - WARNING - Duplicate XI file 1663 found in L0 and L1
2025-09-23 20:06:23,438 - WARNING - Duplicate XI file 1645 found in L0 and L1
2025-09-23 20:06:23,438 - WARNING - Duplicate XI file 1667 found in L0 and L1
2025-09-23 20:06:23,438 - WARNING - Duplicate XI file 1664 found in L0 and L1
2025-09-23 20:06:23,438 - WARNING - Duplicate XI file 1668 found in L0 and L1
2025-09-23 20:06:23,439 - WARNING - Duplicate XI file 1658 found in L0 and L1
2025-09-23 20:06:23,439 - WARNING - Duplicate XI file 1651 found in L0 and L1
2025-09-23 20:06:23,439 - WARNING - Duplicate XI file 1648 found in L0 and L1
2025-09-23 20:06:23,439 - WARNING - Duplicate XI file 1687 found in L0 and L1
2025-09-23 20:06:23,440 - INFO - Built XI mapping for 2712 files in docs/htm
2025-09-23 20:06:23,440 - INFO - Found 2712 XI files in docs/htm
2025-09-23 20:06:23,466 - INFO - Processing 11121 HTML files in docs/htm
2025-09-23 20:06:23,466 - INFO - Progress: 0/11121 files processed
2025-09-23 20:06:23,470 - INFO - Progress: 100/11121 files processed
2025-09-23 20:06:23,472 - INFO - Progress: 200/11121 files processed
2025-09-23 20:06:23,473 - INFO - Progress: 300/11121 files processed
2025-09-23 20:06:23,475 - INFO - Progress: 400/11121 files processed
2025-09-23 20:06:23,476 - INFO - Progress: 500/11121 files processed
2025-09-23 20:06:23,477 - INFO - Progress: 600/11121 files processed
2025-09-23 20:06:23,478 - INFO - Progress: 700/11121 files processed
2025-09-23 20:06:23,480 - INFO - Progress: 800/11121 files processed
2025-09-23 20:06:23,481 - INFO - Progress: 900/11121 files processed
2025-09-23 20:06:23,482 - INFO - Progress: 1000/11121 files processed
2025-09-23 20:06:23,484 - INFO - Progress: 1100/11121 files processed
2025-09-23 20:06:23,485 - INFO - Progress: 1200/11121 files processed
2025-09-23 20:06:23,487 - INFO - Progress: 1300/11121 files processed
2025-09-23 20:06:23,489 - INFO - Progress: 1400/11121 files processed
2025-09-23 20:06:23,493 - INFO - Progress: 1500/11121 files processed
2025-09-23 20:06:23,495 - INFO - Progress: 1600/11121 files processed
2025-09-23 20:06:23,497 - INFO - Progress: 1700/11121 files processed
2025-09-23 20:06:23,499 - INFO - Progress: 1800/11121 files processed
2025-09-23 20:06:23,504 - INFO - Progress: 1900/11121 files processed
2025-09-23 20:06:23,506 - INFO - Progress: 2000/11121 files processed
2025-09-23 20:06:23,508 - INFO - Progress: 2100/11121 files processed
2025-09-23 20:06:23,510 - INFO - Progress: 2200/11121 files processed
2025-09-23 20:06:23,511 - INFO - Progress: 2300/11121 files processed
2025-09-23 20:06:23,512 - INFO - Progress: 2400/11121 files processed
2025-09-23 20:06:23,513 - INFO - Progress: 2500/11121 files processed
2025-09-23 20:06:23,514 - INFO - Progress: 2600/11121 files processed
2025-09-23 20:06:23,515 - INFO - Progress: 2700/11121 files processed
2025-09-23 20:06:23,517 - INFO - Progress: 2800/11121 files processed
2025-09-23 20:06:23,518 - INFO - Progress: 2900/11121 files processed
2025-09-23 20:06:23,520 - INFO - Progress: 3000/11121 files processed
2025-09-23 20:06:23,521 - INFO - Progress: 3100/11121 files processed
2025-09-23 20:06:23,523 - INFO - Progress: 3200/11121 files processed
2025-09-23 20:06:23,524 - INFO - Progress: 3300/11121 files processed
2025-09-23 20:06:23,525 - INFO - Progress: 3400/11121 files processed
2025-09-23 20:06:23,526 - INFO - Progress: 3500/11121 files processed
2025-09-23 20:06:23,529 - INFO - Progress: 3600/11121 files processed
2025-09-23 20:06:23,531 - INFO - Progress: 3700/11121 files processed
2025-09-23 20:06:23,533 - INFO - Progress: 3800/11121 files processed
2025-09-23 20:06:23,534 - INFO - Progress: 3900/11121 files processed
2025-09-23 20:06:23,535 - INFO - Progress: 4000/11121 files processed
2025-09-23 20:06:23,536 - INFO - Progress: 4100/11121 files processed
2025-09-23 20:06:23,538 - INFO - Progress: 4200/11121 files processed
2025-09-23 20:06:23,539 - INFO - Progress: 4300/11121 files processed
2025-09-23 20:06:23,540 - INFO - Progress: 4400/11121 files processed
2025-09-23 20:06:23,542 - INFO - Progress: 4500/11121 files processed
2025-09-23 20:06:23,544 - INFO - Progress: 4600/11121 files processed
2025-09-23 20:06:23,545 - INFO - Progress: 4700/11121 files processed
2025-09-23 20:06:23,549 - INFO - Progress: 4800/11121 files processed
2025-09-23 20:06:23,552 - INFO - Progress: 4900/11121 files processed
2025-09-23 20:06:23,553 - INFO - Progress: 5000/11121 files processed
2025-09-23 20:06:23,554 - INFO - Progress: 5100/11121 files processed
2025-09-23 20:06:23,556 - INFO - Progress: 5200/11121 files processed
2025-09-23 20:06:23,559 - INFO - Progress: 5300/11121 files processed
2025-09-23 20:06:23,560 - INFO - Progress: 5400/11121 files processed
2025-09-23 20:06:23,566 - INFO - Progress: 5500/11121 files processed
2025-09-23 20:06:23,567 - INFO - Progress: 5600/11121 files processed
2025-09-23 20:06:23,568 - INFO - Progress: 5700/11121 files processed
2025-09-23 20:06:23,569 - INFO - Progress: 5800/11121 files processed
2025-09-23 20:06:23,571 - INFO - Progress: 5900/11121 files processed
2025-09-23 20:06:23,580 - INFO - Progress: 6000/11121 files processed
2025-09-23 20:06:23,582 - INFO - Progress: 6100/11121 files processed
2025-09-23 20:06:23,583 - INFO - Progress: 6200/11121 files processed
2025-09-23 20:06:23,585 - INFO - Progress: 6300/11121 files processed
2025-09-23 20:06:23,586 - INFO - Progress: 6400/11121 files processed
2025-09-23 20:06:23,587 - INFO - Progress: 6500/11121 files processed
2025-09-23 20:06:23,588 - INFO - Progress: 6600/11121 files processed
2025-09-23 20:06:23,589 - INFO - Progress: 6700/11121 files processed
2025-09-23 20:06:23,590 - INFO - Progress: 6800/11121 files processed
2025-09-23 20:06:23,591 - INFO - Progress: 6900/11121 files processed
2025-09-23 20:06:23,593 - INFO - Progress: 7000/11121 files processed
2025-09-23 20:06:23,594 - INFO - Progress: 7100/11121 files processed
2025-09-23 20:06:23,595 - INFO - Progress: 7200/11121 files processed
2025-09-23 20:06:23,595 - INFO - Progress: 7300/11121 files processed
2025-09-23 20:06:23,600 - INFO - Progress: 7400/11121 files processed
2025-09-23 20:06:23,602 - INFO - Progress: 7500/11121 files processed
2025-09-23 20:06:23,607 - INFO - Progress: 7600/11121 files processed
2025-09-23 20:06:23,612 - INFO - Progress: 7700/11121 files processed
2025-09-23 20:06:23,615 - INFO - Progress: 7800/11121 files processed
2025-09-23 20:06:23,622 - INFO - Progress: 7900/11121 files processed
2025-09-23 20:06:23,633 - INFO - Progress: 8000/11121 files processed
2025-09-23 20:06:23,636 - INFO - Progress: 8100/11121 files processed
2025-09-23 20:06:23,638 - INFO - Progress: 8200/11121 files processed
2025-09-23 20:06:23,641 - INFO - Progress: 8300/11121 files processed
2025-09-23 20:06:23,643 - INFO - Progress: 8400/11121 files processed
2025-09-23 20:06:23,644 - INFO - Progress: 8500/11121 files processed
2025-09-23 20:06:23,647 - INFO - Progress: 8600/11121 files processed
2025-09-23 20:06:23,648 - INFO - Progress: 8700/11121 files processed
2025-09-23 20:06:23,649 - INFO - Progress: 8800/11121 files processed
2025-09-23 20:06:23,650 - INFO - Progress: 8900/11121 files processed
2025-09-23 20:06:23,651 - INFO - Progress: 9000/11121 files processed
2025-09-23 20:06:23,652 - INFO - Progress: 9100/11121 files processed
2025-09-23 20:06:23,652 - INFO - Progress: 9200/11121 files processed
2025-09-23 20:06:23,653 - INFO - Progress: 9300/11121 files processed
2025-09-23 20:06:23,654 - INFO - Progress: 9400/11121 files processed
2025-09-23 20:06:23,655 - INFO - Progress: 9500/11121 files processed
2025-09-23 20:06:23,656 - INFO - Progress: 9600/11121 files processed
2025-09-23 20:06:23,657 - INFO - Progress: 9700/11121 files processed
2025-09-23 20:06:23,658 - INFO - Progress: 9800/11121 files processed
2025-09-23 20:06:23,659 - INFO - Progress: 9900/11121 files processed
2025-09-23 20:06:23,660 - INFO - Progress: 10000/11121 files processed
2025-09-23 20:06:23,660 - INFO - Progress: 10100/11121 files processed
2025-09-23 20:06:23,662 - INFO - Progress: 10200/11121 files processed
2025-09-23 20:06:23,663 - INFO - Progress: 10300/11121 files processed
2025-09-23 20:06:23,664 - INFO - Progress: 10400/11121 files processed
2025-09-23 20:06:23,665 - INFO - Progress: 10500/11121 files processed
2025-09-23 20:06:23,666 - INFO - Progress: 10600/11121 files processed
2025-09-23 20:06:23,667 - INFO - Progress: 10700/11121 files processed
2025-09-23 20:06:23,668 - INFO - Progress: 10800/11121 files processed
2025-09-23 20:06:23,670 - INFO - Progress: 10900/11121 files processed
2025-09-23 20:06:23,670 - INFO - Progress: 11000/11121 files processed
2025-09-23 20:06:23,672 - INFO - Progress: 11100/11121 files processed
2025-09-23 20:06:23,674 - INFO - Results for docs/htm:
2025-09-23 20:06:23,674 - INFO -   Files modified: 56
2025-09-23 20:06:23,674 - INFO -   XI references fixed: 909
2025-09-23 20:06:23,674 - INFO - Validating fixes...
2025-09-23 20:06:23,761 - WARNING - XI2674 not found anywhere
2025-09-23 20:06:23,789 - WARNING - XI2675 not found anywhere
2025-09-23 20:06:23,797 - WARNING - XI2674 not found anywhere
2025-09-23 20:06:23,797 - WARNING - XI2675 not found anywhere
2025-09-23 20:06:23,840 - INFO - Validation results:
2025-09-23 20:06:23,840 - INFO -   Total XI references checked: 60281
2025-09-23 20:06:23,840 - INFO -   Remaining broken references: 4
2025-09-23 20:06:23,840 - INFO - ============================================================
2025-09-23 20:06:23,840 - INFO - FINAL SUMMARY
2025-09-23 20:06:23,840 - INFO - ============================================================
2025-09-23 20:06:23,840 - INFO - Total files modified: 56
2025-09-23 20:06:23,840 - INFO - Total XI references fixed: 909
2025-09-23 20:06:23,841 - INFO - Processing time: 0.41 seconds
2025-09-23 20:06:23,841 - INFO - XI lineage reference fixes completed successfully!
