2002.02.13 12:56 B C:\micweb\au\APOQON.AU <-- APCFNC /au APOQON.AU
2002.02.13 12:56 B C:\micweb\au\loon.au <-- APCFNC /au loon.au
2002.02.13 12:56 B C:\micweb\au\micmain.au <-- APCFNC /au micmain.au
2002.02.13 12:56 B C:\micweb\au\p1.au <-- APCFNC /au p1.au
2002.02.13 12:56 B C:\micweb\au\p10.au <-- APCFNC /au p10.au
2002.02.13 12:56 B C:\micweb\au\p2.au <-- APCFNC /au p2.au
2002.02.13 12:56 B C:\micweb\au\p3.au <-- APCFNC /au p3.au
2002.02.13 12:56 B C:\micweb\au\p4.au <-- APCFNC /au p4.au
2002.02.13 12:56 B C:\micweb\au\p5.au <-- APCFNC /au p5.au
2002.02.13 12:56 B C:\micweb\au\p6.au <-- APCFNC /au p6.au
2002.02.13 12:57 B C:\micweb\au\p7.au <-- APCFNC /au p7.au
2002.02.13 12:57 B C:\micweb\au\p8.au <-- APCFNC /au p8.au
2002.02.13 12:57 B C:\micweb\au\p9.au <-- APCFNC /au p9.au
2002.02.13 12:57 B C:\micweb\au\v3.au <-- APCFNC /au v3.au
2002.02.13 12:57 B C:\micweb\au\x1.au <-- APCFNC /au x1.au
2002.02.13 12:57 B C:\micweb\au\x10.au <-- APCFNC /au x10.au
2002.02.13 12:57 B C:\micweb\au\x11.au <-- APCFNC /au x11.au
2002.02.13 12:57 B C:\micweb\au\x12.au <-- APCFNC /au x12.au
2002.02.13 12:57 B C:\micweb\au\x2.au <-- APCFNC /au x2.au
2002.02.13 12:57 B C:\micweb\au\x3.au <-- APCFNC /au x3.au
2002.02.13 12:58 B C:\micweb\au\x4.au <-- APCFNC /au x4.au
2002.02.13 12:58 B C:\micweb\au\x5.au <-- APCFNC /au x5.au
2002.02.13 12:58 B C:\micweb\au\x6.au <-- APCFNC /au x6.au
2002.02.13 12:58 B C:\micweb\au\x7.au <-- APCFNC /au x7.au
2002.02.13 12:58 B C:\micweb\au\x8.au <-- APCFNC /au x8.au
2002.02.13 12:58 B C:\micweb\au\x9.au <-- APCFNC /au x9.au
2002.02.13 12:58 B C:\micweb\au\xx.au <-- APCFNC /au xx.au
2002.02.13 12:58 B C:\micweb\au\yy.au <-- APCFNC /au yy.au
2002.05.10 11:00 B C:\AuntRuth\au\nickhill.mp3 --> ftp.shaw.ca /au nickhill.mp3
2002.05.10 11:03 B C:\AuntRuth\au\nickhill.mp3 --> ftp.shaw.ca / nickhill.mp3
2002.07.30 14:07 B C:\AuntRuth\au\nickhill.mp3 --> ftp.shaw.ca / nickhill.mp3
