2004.04.30 13:43 A C:\upload\css\htm.css --> pengal.com /httpdocs/test/css htm.css
2004.04.30 13:43 A C:\upload\css\main.css --> pengal.com /httpdocs/test/css main.css
2004.04.30 13:43 A C:\upload\css\style.css --> pengal.com /httpdocs/test/css style.css
2004.04.30 13:43 A C:\upload\css\YSTYLE.CSS --> pengal.com /httpdocs/test/css YSTYLE.CSS
2004.05.03 17:23 A C:\upload\css\htm.css --> pengal.com /httpdocs/css htm.css
2004.05.03 17:23 A C:\upload\css\main.css --> pengal.com /httpdocs/css main.css
2004.05.03 17:23 A C:\upload\css\STYLE.CSS --> pengal.com /httpdocs/css STYLE.CSS
2004.05.03 22:14 A C:\upload\css\htm.css --> pengal.com /httpdocs/test/css htm.css
2004.05.03 22:14 A C:\upload\css\main.css --> pengal.com /httpdocs/test/css main.css
2004.05.03 22:14 A C:\upload\css\STYLE.CSS --> pengal.com /httpdocs/test/css STYLE.CSS
2004.05.15 14:54 A C:\upload\css\htm.css <-- PengalNew /httpdocs/test/css htm.css
2004.05.15 14:54 A C:\upload\css\main.css <-- PengalNew /httpdocs/test/css main.css
2004.05.15 14:54 A C:\upload\css\style.css <-- PengalNew /httpdocs/test/css style.css
2004.05.15 14:54 A C:\upload\css\YSTYLE.CSS <-- PengalNew /httpdocs/test/css YSTYLE.CSS
2004.05.15 14:55 A C:\upload\css\htm.css --> pengal.com /httpdocs/css htm.css
2004.05.15 14:55 A C:\upload\css\main.css --> pengal.com /httpdocs/css main.css
2004.05.15 14:55 A C:\upload\css\style.css --> pengal.com /httpdocs/css style.css
2004.05.15 14:55 A C:\upload\css\ystyle.css --> pengal.com /httpdocs/css ystyle.css
2004.05.26 13:14 A C:\upload\css\htm.css <-- PengalNew /httpdocs/css htm.css
2004.05.26 13:14 A C:\upload\css\main.css <-- PengalNew /httpdocs/css main.css
2004.05.26 13:14 A C:\upload\css\style.css <-- PengalNew /httpdocs/css style.css
2004.05.26 13:14 A C:\upload\css\ystyle.css <-- PengalNew /httpdocs/css ystyle.css
